Building DAG of jobs...
Retrieving input from storage.
Using shell: /bin/bash
Provided cores: 8
Rules claiming more threads will be scaled down.
Job stats:
job             count
------------  -------
prepare_data        1
split_data          1
total               2

Select jobs to execute...
Execute 1 jobs...

[Wed Dec 27 15:52:59 2023]
localrule prepare_data:
    input: data/raw/data.csv
    output: data/processed/data.csv
    jobid: 1
    reason: Forced execution
    resources: tmpdir=/var/folders/vg/dc9hbcdn2p1585rz4234rzh80000gn/T

[Wed Dec 27 15:52:59 2023]
Finished job 1.
1 of 2 steps (50%) done
Select jobs to execute...
Execute 1 jobs...

[Wed Dec 27 15:52:59 2023]
localrule split_data:
    input: data/processed/data.csv
    output: data/splitted/train.csv, data/splitted/val.csv, data/splitted/test.csv
    jobid: 0
    reason: Forced execution
    resources: tmpdir=/var/folders/vg/dc9hbcdn2p1585rz4234rzh80000gn/T

[Wed Dec 27 15:53:00 2023]
Finished job 0.
2 of 2 steps (100%) done
Complete log: .snakemake/log/2023-12-27T155259.388294.snakemake.log
