Building DAG of jobs...
Retrieving input from storage.
Using shell: /bin/bash
Provided cores: 8
Rules claiming more threads will be scaled down.
Job stats:
job             count
------------  -------
grid_search         1
prepare_data        1
split_data          1
total               3

Select jobs to execute...
Execute 1 jobs...

[Wed Dec 27 18:03:47 2023]
localrule prepare_data:
    input: data/raw/data.csv
    output: data/processed/data.csv
    jobid: 2
    reason: Forced execution
    resources: tmpdir=/var/folders/vg/dc9hbcdn2p1585rz4234rzh80000gn/T

[Wed Dec 27 18:03:47 2023]
Finished job 2.
1 of 3 steps (33%) done
Select jobs to execute...
Execute 1 jobs...

[Wed Dec 27 18:03:47 2023]
localrule split_data:
    input: data/processed/data.csv
    output: data/splitted/train.csv, data/splitted/test.csv
    jobid: 1
    reason: Forced execution
    resources: tmpdir=/var/folders/vg/dc9hbcdn2p1585rz4234rzh80000gn/T

[Wed Dec 27 18:03:48 2023]
Finished job 1.
2 of 3 steps (67%) done
Select jobs to execute...
Execute 1 jobs...

[Wed Dec 27 18:03:48 2023]
localrule grid_search:
    input: data/splitted/train.csv
    output: data/best_params.json
    jobid: 0
    reason: Forced execution
    resources: tmpdir=/var/folders/vg/dc9hbcdn2p1585rz4234rzh80000gn/T

[Wed Dec 27 18:03:50 2023]
Finished job 0.
3 of 3 steps (100%) done
Complete log: .snakemake/log/2023-12-27T180347.426515.snakemake.log
