Building DAG of jobs...
Retrieving input from storage.
Using shell: /bin/bash
Provided cores: 8
Rules claiming more threads will be scaled down.
Job stats:
job             count
------------  -------
prepare_data        1
split_data          1
total               2

Select jobs to execute...
Execute 1 jobs...

[Wed Dec 27 15:11:29 2023]
localrule prepare_data:
    input: data/raw/train.csv, data/raw/test.csv
    output: data/processed/train.csv, data/processed/test.csv
    jobid: 1
    reason: Missing output files: data/processed/train.csv, data/processed/test.csv
    resources: tmpdir=/var/folders/vg/dc9hbcdn2p1585rz4234rzh80000gn/T

[Wed Dec 27 15:11:29 2023]
Finished job 1.
1 of 2 steps (50%) done
Select jobs to execute...
Execute 1 jobs...

[Wed Dec 27 15:11:29 2023]
localrule split_data:
    input: data/processed/train.csv, data/processed/test.csv
    output: data/splitted/train.csv, data/splitted/val.csv, data/splitted/test.csv
    jobid: 0
    reason: Missing output files: data/splitted/train.csv, data/splitted/test.csv, data/splitted/val.csv; Input files updated by another job: data/processed/train.csv, data/processed/test.csv
    resources: tmpdir=/var/folders/vg/dc9hbcdn2p1585rz4234rzh80000gn/T

[Wed Dec 27 15:11:30 2023]
Finished job 0.
2 of 2 steps (100%) done
Complete log: .snakemake/log/2023-12-27T151129.552910.snakemake.log
