Building DAG of jobs...
Retrieving input from storage.
Using shell: /bin/bash
Provided cores: 8
Rules claiming more threads will be scaled down.
Job stats:
job           count
----------  -------
split_data        1
total             1

Select jobs to execute...
Execute 1 jobs...

[Wed Dec 27 15:05:12 2023]
localrule split_data:
    input: data/processed/train.csv, data/processed/test.csv
    output: data/splitted/train.csv, data/splitted/val.csv, data/splitted/test.csv
    jobid: 0
    reason: Missing output files: data/splitted/train.csv, data/splitted/val.csv, data/splitted/test.csv
    resources: tmpdir=/var/folders/vg/dc9hbcdn2p1585rz4234rzh80000gn/T

[Wed Dec 27 15:05:12 2023]
Error in rule split_data:
    jobid: 0
    input: data/processed/train.csv, data/processed/test.csv
    output: data/splitted/train.csv, data/splitted/val.csv, data/splitted/test.csv
    shell:
        python project/tasks/split_data.py
        (one of the commands exited with non-zero exit code; note that snakemake uses bash strict mode!)

Shutting down, this might take some time.
Exiting because a job execution failed. Look above for error message
Complete log: .snakemake/log/2023-12-27T150512.241331.snakemake.log
WorkflowError:
At least one job did not complete successfully.
