Building DAG of jobs...
Retrieving input from storage.
Using shell: /bin/bash
Provided cores: 8
Rules claiming more threads will be scaled down.
Job stats:
job             count
------------  -------
prepare_data        1
split_data          1
test                1
train               1
total               4

Select jobs to execute...
Execute 1 jobs...

[Fri Dec 29 19:09:36 2023]
localrule prepare_data:
    input: data/raw/data.csv
    output: data/processed/data.csv
    jobid: 3
    reason: Forced execution
    resources: tmpdir=/var/folders/vg/dc9hbcdn2p1585rz4234rzh80000gn/T

[Fri Dec 29 19:09:36 2023]
Finished job 3.
1 of 4 steps (25%) done
Select jobs to execute...
Execute 1 jobs...

[Fri Dec 29 19:09:36 2023]
localrule split_data:
    input: data/processed/data.csv
    output: data/splitted/train.csv, data/splitted/test.csv
    jobid: 2
    reason: Forced execution
    resources: tmpdir=/var/folders/vg/dc9hbcdn2p1585rz4234rzh80000gn/T

[Fri Dec 29 19:09:37 2023]
Finished job 2.
2 of 4 steps (50%) done
Select jobs to execute...
Execute 1 jobs...

[Fri Dec 29 19:09:37 2023]
localrule train:
    input: data/splitted/train.csv
    output: models/model.pkl
    jobid: 1
    reason: Forced execution
    resources: tmpdir=/var/folders/vg/dc9hbcdn2p1585rz4234rzh80000gn/T

[Fri Dec 29 19:09:38 2023]
Finished job 1.
3 of 4 steps (75%) done
Select jobs to execute...
Execute 1 jobs...

[Fri Dec 29 19:09:38 2023]
localrule test:
    input: models/model.pkl
    output: test_results.txt
    jobid: 0
    reason: Forced execution
    resources: tmpdir=/var/folders/vg/dc9hbcdn2p1585rz4234rzh80000gn/T

[Fri Dec 29 19:09:39 2023]
Finished job 0.
4 of 4 steps (100%) done
Complete log: .snakemake/log/2023-12-29T190936.083255.snakemake.log
