Building DAG of jobs...
Retrieving input from storage.
Using shell: /bin/bash
Provided cores: 8
Rules claiming more threads will be scaled down.
Job stats:
job             count
------------  -------
prepare_data        1
split_data          1
total               2

Select jobs to execute...
Execute 1 jobs...

[Wed Dec 27 15:49:29 2023]
localrule prepare_data:
    input: data/raw/data.csv
    output: data/processed/data.csv
    jobid: 1
    reason: Missing output files: data/processed/data.csv
    resources: tmpdir=/var/folders/vg/dc9hbcdn2p1585rz4234rzh80000gn/T

[Wed Dec 27 15:49:29 2023]
Finished job 1.
1 of 2 steps (50%) done
Select jobs to execute...
Execute 1 jobs...

[Wed Dec 27 15:49:29 2023]
localrule split_data:
    input: data/processed/data.csv
    output: data/splitted/train.csv, data/splitted/val.csv, data/splitted/test.csv
    jobid: 0
    reason: Missing output files: data/splitted/val.csv, data/splitted/train.csv, data/splitted/test.csv; Input files updated by another job: data/processed/data.csv
    resources: tmpdir=/var/folders/vg/dc9hbcdn2p1585rz4234rzh80000gn/T

[Wed Dec 27 15:49:30 2023]
Error in rule split_data:
    jobid: 0
    input: data/processed/data.csv
    output: data/splitted/train.csv, data/splitted/val.csv, data/splitted/test.csv
    shell:
        python3 project/tasks/split_data.py
        (one of the commands exited with non-zero exit code; note that snakemake uses bash strict mode!)

Shutting down, this might take some time.
Exiting because a job execution failed. Look above for error message
Complete log: .snakemake/log/2023-12-27T154929.232501.snakemake.log
WorkflowError:
At least one job did not complete successfully.
