Building DAG of jobs...
Retrieving input from storage.
Using shell: /bin/bash
Provided cores: 8
Rules claiming more threads will be scaled down.
Job stats:
job             count
------------  -------
prepare_data        1
total               1

Select jobs to execute...
Execute 1 jobs...

[Wed Dec 27 14:52:28 2023]
localrule prepare_data:
    input: data/raw/train.csv, data/raw/test.csv
    output: data/processed/train.csv, data/processed/test.csv
    jobid: 0
    reason: Missing output files: data/processed/test.csv, data/processed/train.csv
    resources: tmpdir=/var/folders/vg/dc9hbcdn2p1585rz4234rzh80000gn/T

[Wed Dec 27 14:52:33 2023]
Finished job 0.
1 of 1 steps (100%) done
Complete log: .snakemake/log/2023-12-27T145228.525020.snakemake.log
