Building DAG of jobs...
Retrieving input from storage.
Using shell: /bin/bash
Provided cores: 8
Rules claiming more threads will be scaled down.
Job stats:
job             count
------------  -------
prepare_data        1
total               1

Select jobs to execute...
Execute 1 jobs...

[Wed Dec 27 14:57:00 2023]
localrule prepare_data:
    input: data/raw/train.csv, data/raw/test.csv
    output: data/processed/train.csv, data/processed/test.csv
    jobid: 0
    reason: Missing output files: data/processed/test.csv, data/processed/train.csv
    resources: tmpdir=/var/folders/vg/dc9hbcdn2p1585rz4234rzh80000gn/T

[Wed Dec 27 14:57:00 2023]
Error in rule prepare_data:
    jobid: 0
    input: data/raw/train.csv, data/raw/test.csv
    output: data/processed/train.csv, data/processed/test.csv
    shell:
        .venv/bin/python project/tasks/prepare_data.py
        (one of the commands exited with non-zero exit code; note that snakemake uses bash strict mode!)

Shutting down, this might take some time.
Exiting because a job execution failed. Look above for error message
Complete log: .snakemake/log/2023-12-27T145700.577630.snakemake.log
WorkflowError:
At least one job did not complete successfully.
