Building DAG of jobs...
Retrieving input from storage.
Using shell: /bin/bash
Provided cores: 8
Rules claiming more threads will be scaled down.
Job stats:
job           count
----------  -------
split_data        1
total             1

Select jobs to execute...
Execute 1 jobs...

[Wed Dec 27 15:05:24 2023]
localrule split_data:
    input: data/processed/train.csv, data/processed/test.csv
    output: data/splitted/train.csv, data/splitted/val.csv, data/splitted/test.csv
    jobid: 0
    reason: Missing output files: data/splitted/train.csv, data/splitted/test.csv, data/splitted/val.csv
    resources: tmpdir=/var/folders/vg/dc9hbcdn2p1585rz4234rzh80000gn/T

[Wed Dec 27 15:05:24 2023]
Finished job 0.
1 of 1 steps (100%) done
Complete log: .snakemake/log/2023-12-27T150524.434850.snakemake.log
