Building DAG of jobs...
Retrieving input from storage.
Using shell: /bin/bash
Provided cores: 8
Rules claiming more threads will be scaled down.
Job stats:
job             count
------------  -------
prepare_data        1
total               1

Select jobs to execute...
Execute 1 jobs...

[Wed Dec 27 00:53:44 2023]
localrule prepare_data:
    input: data/raw/train.csv, data/raw/test.csv
    output: data/processed/train.csv, data/processed/test.csv
    jobid: 0
    reason: Missing output files: data/processed/train.csv, data/processed/test.csv
    resources: tmpdir=/var/folders/vg/dc9hbcdn2p1585rz4234rzh80000gn/T

RuleException:
CalledProcessError in file /Users/maksimkoltugin/Code/hse/engineering_practices/Snakefile, line 9:
Command 'set -euo pipefail;  /usr/local/Cellar/snakemake/8.0.1/libexec/bin/python /Users/maksimkoltugin/Code/hse/engineering_practices/.snakemake/scripts/tmp7ay7am8p.prepare_data.py' returned non-zero exit status 1.
[Wed Dec 27 00:53:45 2023]
Error in rule prepare_data:
    jobid: 0
    input: data/raw/train.csv, data/raw/test.csv
    output: data/processed/train.csv, data/processed/test.csv

Shutting down, this might take some time.
Exiting because a job execution failed. Look above for error message
Complete log: .snakemake/log/2023-12-27T005344.863031.snakemake.log
WorkflowError:
At least one job did not complete successfully.
